<?xml version="1.0" encoding="UTF-8"?>
<coverage generated="1722655569090" clover="3.2.0">
  <project timestamp="1722655569090" name="All files">
    <metrics statements="15" coveredstatements="15" conditionals="2" coveredconditionals="2" methods="5" coveredmethods="5" elements="22" coveredelements="22" complexity="0" loc="15" ncloc="15" packages="2" files="2" classes="2"/>
    <package name="main.feature.diaryApp.domain.entity.validate">
      <metrics statements="11" coveredstatements="11" conditionals="2" coveredconditionals="2" methods="4" coveredmethods="4"/>
      <file name="articleValidate.ts" path="C:\Users\blood\programming\JavaScript\ReactPractice\react_practice_app\src\main\feature\diaryApp\domain\entity\validate\articleValidate.ts">
        <metrics statements="11" coveredstatements="11" conditionals="2" coveredconditionals="2" methods="4" coveredmethods="4"/>
        <line num="1" count="1" type="stmt"/>
        <line num="4" count="1" type="stmt"/>
        <line num="5" count="1" type="stmt"/>
        <line num="6" count="1" type="stmt"/>
        <line num="7" count="1" type="stmt"/>
        <line num="10" count="1" type="stmt"/>
        <line num="11" count="1" type="stmt"/>
        <line num="14" count="2" type="stmt"/>
        <line num="15" count="2" type="stmt"/>
        <line num="18" count="1" type="stmt"/>
        <line num="23" count="2" type="cond" truecount="2" falsecount="0"/>
      </file>
    </package>
    <package name="renderer.components">
      <metrics statements="4" coveredstatements="4" conditionals="0" coveredconditionals="0" methods="1" coveredmethods="1"/>
      <file name="Greeting.tsx" path="C:\Users\blood\programming\JavaScript\ReactPractice\react_practice_app\src\renderer\components\Greeting.tsx">
        <metrics statements="4" coveredstatements="4" conditionals="0" coveredconditionals="0" methods="1" coveredmethods="1"/>
        <line num="2" count="1" type="stmt"/>
        <line num="8" count="1" type="stmt"/>
        <line num="9" count="1" type="stmt"/>
        <line num="12" count="1" type="stmt"/>
      </file>
    </package>
  </project>
</coverage>
