{"C:\\Users\\blood\\programming\\JavaScript\\ReactPractice\\react_practice_app\\src\\main\\diContainer.ts": {"path":"C:\\Users\\blood\\programming\\JavaScript\\ReactPractice\\react_practice_app\\src\\main\\diContainer.ts","statementMap":{"0":{"start":{"line":2,"column":0},"end":{"line":2,"column":25}},"1":{"start":{"line":3,"column":0},"end":{"line":3,"column":9}},"2":{"start":{"line":1,"column":9},"end":{"line":3,"column":36}},"3":{"start":{"line":4,"column":0},"end":{"line":4,"column":91}},"4":{"start":{"line":5,"column":0},"end":{"line":5,"column":48}},"5":{"start":{"line":7,"column":0},"end":{"line":9,"column":null}},"6":{"start":{"line":10,"column":0},"end":{"line":12,"column":null}}},"fnMap":{"0":{"name":"(anonymous_0)","decl":{"start":{"line":1,"column":9},"end":{"line":1,"column":18}},"loc":{"start":{"line":1,"column":9},"end":{"line":3,"column":36}}}},"branchMap":{},"s":{"0":2,"1":2,"2":46,"3":2,"4":2,"5":2,"6":2},"f":{"0":44},"b":{}}
,"C:\\Users\\blood\\programming\\JavaScript\\ReactPractice\\react_practice_app\\src\\main\\common\\idValidate.ts": {"path":"C:\\Users\\blood\\programming\\JavaScript\\ReactPractice\\react_practice_app\\src\\main\\common\\idValidate.ts","statementMap":{"0":{"start":{"line":3,"column":0},"end":{"line":3,"column":40}},"1":{"start":{"line":4,"column":0},"end":{"line":4,"column":44}},"2":{"start":{"line":5,"column":0},"end":{"line":5,"column":25}},"3":{"start":{"line":6,"column":0},"end":{"line":6,"column":37}},"4":{"start":{"line":9,"column":0},"end":{"line":30,"column":null}},"5":{"start":{"line":10,"column":11},"end":{"line":10,"column":null}},"6":{"start":{"line":13,"column":22},"end":{"line":13,"column":74}},"7":{"start":{"line":14,"column":4},"end":{"line":18,"column":null}},"8":{"start":{"line":17,"column":18},"end":{"line":17,"column":22}},"9":{"start":{"line":22,"column":4},"end":{"line":24,"column":null}},"10":{"start":{"line":28,"column":4},"end":{"line":28,"column":null}},"11":{"start":{"line":1,"column":9},"end":{"line":1,"column":19}},"12":{"start":{"line":9,"column":6},"end":{"line":30,"column":null}}},"fnMap":{"0":{"name":"(anonymous_7)","decl":{"start":{"line":9,"column":0},"end":{"line":9,"column":6}},"loc":{"start":{"line":9,"column":0},"end":{"line":30,"column":1}}},"1":{"name":"(anonymous_8)","decl":{"start":{"line":12,"column":2},"end":{"line":12,"column":10}},"loc":{"start":{"line":12,"column":24},"end":{"line":19,"column":3}}},"2":{"name":"(anonymous_9)","decl":{"start":{"line":17,"column":12},"end":{"line":17,"column":15}},"loc":{"start":{"line":17,"column":18},"end":{"line":17,"column":22}}},"3":{"name":"(anonymous_10)","decl":{"start":{"line":21,"column":2},"end":{"line":21,"column":10}},"loc":{"start":{"line":21,"column":24},"end":{"line":25,"column":3}}},"4":{"name":"(anonymous_11)","decl":{"start":{"line":27,"column":2},"end":{"line":27,"column":18}},"loc":{"start":{"line":27,"column":32},"end":{"line":29,"column":3}}}},"branchMap":{"0":{"loc":{"start":{"line":22,"column":11},"end":{"line":24,"column":48}},"type":"cond-expr","locations":[{"start":{"line":23,"column":8},"end":{"line":23,"column":21}},{"start":{"line":24,"column":8},"end":{"line":24,"column":48}}]},"1":{"loc":{"start":{"line":28,"column":11},"end":{"line":28,"column":80}},"type":"cond-expr","locations":[{"start":{"line":28,"column":32},"end":{"line":28,"column":45}},{"start":{"line":28,"column":48},"end":{"line":28,"column":80}}]}},"s":{"0":2,"1":2,"2":2,"3":2,"4":2,"5":21,"6":0,"7":0,"8":0,"9":0,"10":0,"11":2,"12":2},"f":{"0":21,"1":0,"2":0,"3":0,"4":0},"b":{"0":[0,0],"1":[0,0]}}
,"C:\\Users\\blood\\programming\\JavaScript\\ReactPractice\\react_practice_app\\src\\main\\common\\typeUtil.ts": {"path":"C:\\Users\\blood\\programming\\JavaScript\\ReactPractice\\react_practice_app\\src\\main\\common\\typeUtil.ts","statementMap":{"0":{"start":{"line":2,"column":0},"end":{"line":2,"column":25}},"1":{"start":{"line":6,"column":0},"end":{"line":6,"column":36}},"2":{"start":{"line":1,"column":16},"end":{"line":1,"column":18}},"3":{"start":{"line":30,"column":2},"end":{"line":30,"column":null}},"4":{"start":{"line":35,"column":4},"end":{"line":35,"column":null}},"5":{"start":{"line":36,"column":4},"end":{"line":36,"column":null}},"6":{"start":{"line":39,"column":4},"end":{"line":39,"column":null}},"7":{"start":{"line":42,"column":4},"end":{"line":42,"column":null}},"8":{"start":{"line":1,"column":20},"end":{"line":1,"column":22}}},"fnMap":{"0":{"name":"(anonymous_0)","decl":{"start":{"line":34,"column":2},"end":{"line":34,"column":14}},"loc":{"start":{"line":34,"column":27},"end":{"line":37,"column":3}}},"1":{"name":"(anonymous_1)","decl":{"start":{"line":38,"column":2},"end":{"line":38,"column":8}},"loc":{"start":{"line":38,"column":18},"end":{"line":40,"column":3}}},"2":{"name":"(anonymous_2)","decl":{"start":{"line":41,"column":2},"end":{"line":41,"column":10}},"loc":{"start":{"line":41,"column":10},"end":{"line":43,"column":3}}}},"branchMap":{},"s":{"0":2,"1":2,"2":2,"3":21,"4":21,"5":21,"6":2,"7":0,"8":2},"f":{"0":21,"1":2,"2":0},"b":{}}
,"C:\\Users\\blood\\programming\\JavaScript\\ReactPractice\\react_practice_app\\src\\main\\feature\\diaryApp\\domain\\entity\\article.ts": {"path":"C:\\Users\\blood\\programming\\JavaScript\\ReactPractice\\react_practice_app\\src\\main\\feature\\diaryApp\\domain\\entity\\article.ts","statementMap":{"0":{"start":{"line":3,"column":0},"end":{"line":3,"column":40}},"1":{"start":{"line":4,"column":0},"end":{"line":4,"column":44}},"2":{"start":{"line":5,"column":0},"end":{"line":5,"column":51}},"3":{"start":{"line":7,"column":0},"end":{"line":7,"column":40}},"4":{"start":{"line":11,"column":11},"end":{"line":11,"column":null}},"5":{"start":{"line":25,"column":4},"end":{"line":25,"column":null}},"6":{"start":{"line":26,"column":4},"end":{"line":26,"column":null}},"7":{"start":{"line":27,"column":4},"end":{"line":27,"column":null}},"8":{"start":{"line":28,"column":4},"end":{"line":28,"column":null}},"9":{"start":{"line":29,"column":4},"end":{"line":29,"column":null}},"10":{"start":{"line":30,"column":4},"end":{"line":30,"column":null}},"11":{"start":{"line":40,"column":21},"end":{"line":40,"column":70}},"12":{"start":{"line":41,"column":19},"end":{"line":41,"column":56}},"13":{"start":{"line":42,"column":4},"end":{"line":54,"column":5}},"14":{"start":{"line":43,"column":6},"end":{"line":43,"column":null}},"15":{"start":{"line":45,"column":6},"end":{"line":53,"column":null}},"16":{"start":{"line":58,"column":20},"end":{"line":62,"column":33}},"17":{"start":{"line":61,"column":46},"end":{"line":61,"column":76}},"18":{"start":{"line":62,"column":28},"end":{"line":62,"column":32}},"19":{"start":{"line":63,"column":4},"end":{"line":63,"column":null}},"20":{"start":{"line":1,"column":9},"end":{"line":1,"column":16}}},"fnMap":{"0":{"name":"(anonymous_6)","decl":{"start":{"line":18,"column":2},"end":{"line":18,"column":null}},"loc":{"start":{"line":23,"column":29},"end":{"line":31,"column":3}}},"1":{"name":"(anonymous_7)","decl":{"start":{"line":33,"column":2},"end":{"line":33,"column":8}},"loc":{"start":{"line":38,"column":20},"end":{"line":55,"column":3}}},"2":{"name":"(anonymous_8)","decl":{"start":{"line":57,"column":2},"end":{"line":57,"column":8}},"loc":{"start":{"line":57,"column":23},"end":{"line":64,"column":3}}},"3":{"name":"(anonymous_9)","decl":{"start":{"line":61,"column":21},"end":{"line":61,"column":22}},"loc":{"start":{"line":61,"column":46},"end":{"line":61,"column":76}}},"4":{"name":"(anonymous_10)","decl":{"start":{"line":62,"column":14},"end":{"line":62,"column":15}},"loc":{"start":{"line":62,"column":28},"end":{"line":62,"column":32}}}},"branchMap":{"0":{"loc":{"start":{"line":42,"column":4},"end":{"line":54,"column":5}},"type":"if","locations":[{"start":{"line":42,"column":4},"end":{"line":54,"column":5}},{"start":{"line":44,"column":11},"end":{"line":54,"column":5}}]},"1":{"loc":{"start":{"line":63,"column":11},"end":{"line":63,"column":61}},"type":"cond-expr","locations":[{"start":{"line":63,"column":31},"end":{"line":63,"column":44}},{"start":{"line":63,"column":47},"end":{"line":63,"column":61}}]}},"s":{"0":2,"1":2,"2":2,"3":2,"4":22,"5":22,"6":22,"7":22,"8":22,"9":22,"10":22,"11":22,"12":22,"13":22,"14":0,"15":22,"16":2,"17":2,"18":2,"19":2,"20":2},"f":{"0":22,"1":22,"2":2,"3":2,"4":2},"b":{"0":[0,22],"1":[2,0]}}
,"C:\\Users\\blood\\programming\\JavaScript\\ReactPractice\\react_practice_app\\src\\main\\feature\\diaryApp\\domain\\entity\\validate\\articleValidate.ts": {"path":"C:\\Users\\blood\\programming\\JavaScript\\ReactPractice\\react_practice_app\\src\\main\\feature\\diaryApp\\domain\\entity\\validate\\articleValidate.ts","statementMap":{"0":{"start":{"line":4,"column":0},"end":{"line":4,"column":40}},"1":{"start":{"line":5,"column":0},"end":{"line":5,"column":44}},"2":{"start":{"line":6,"column":0},"end":{"line":6,"column":25}},"3":{"start":{"line":7,"column":0},"end":{"line":7,"column":37}},"4":{"start":{"line":10,"column":0},"end":{"line":27,"column":null}},"5":{"start":{"line":11,"column":11},"end":{"line":11,"column":null}},"6":{"start":{"line":14,"column":22},"end":{"line":14,"column":61}},"7":{"start":{"line":15,"column":4},"end":{"line":19,"column":null}},"8":{"start":{"line":18,"column":18},"end":{"line":18,"column":22}},"9":{"start":{"line":23,"column":4},"end":{"line":25,"column":null}},"10":{"start":{"line":1,"column":9},"end":{"line":1,"column":24}},"11":{"start":{"line":10,"column":6},"end":{"line":27,"column":null}}},"fnMap":{"0":{"name":"(anonymous_7)","decl":{"start":{"line":10,"column":0},"end":{"line":10,"column":6}},"loc":{"start":{"line":10,"column":0},"end":{"line":27,"column":1}}},"1":{"name":"(anonymous_8)","decl":{"start":{"line":13,"column":2},"end":{"line":13,"column":10}},"loc":{"start":{"line":13,"column":52},"end":{"line":20,"column":3}}},"2":{"name":"(anonymous_9)","decl":{"start":{"line":18,"column":12},"end":{"line":18,"column":15}},"loc":{"start":{"line":18,"column":18},"end":{"line":18,"column":22}}},"3":{"name":"(anonymous_10)","decl":{"start":{"line":22,"column":2},"end":{"line":22,"column":21}},"loc":{"start":{"line":22,"column":35},"end":{"line":26,"column":3}}}},"branchMap":{"0":{"loc":{"start":{"line":23,"column":11},"end":{"line":25,"column":43}},"type":"cond-expr","locations":[{"start":{"line":24,"column":8},"end":{"line":24,"column":21}},{"start":{"line":25,"column":8},"end":{"line":25,"column":43}}]}},"s":{"0":3,"1":3,"2":3,"3":3,"4":3,"5":45,"6":24,"7":24,"8":23,"9":24,"10":3,"11":3},"f":{"0":45,"1":24,"2":23,"3":24},"b":{"0":[23,1]}}
,"C:\\Users\\blood\\programming\\JavaScript\\ReactPractice\\react_practice_app\\src\\main\\feature\\diaryApp\\repository\\sqlite3\\diaryRepositorySqlite.ts": {"path":"C:\\Users\\blood\\programming\\JavaScript\\ReactPractice\\react_practice_app\\src\\main\\feature\\diaryApp\\repository\\sqlite3\\diaryRepositorySqlite.ts","statementMap":{"0":{"start":{"line":3,"column":0},"end":{"line":3,"column":45}},"1":{"start":{"line":4,"column":0},"end":{"line":4,"column":53}},"2":{"start":{"line":5,"column":0},"end":{"line":5,"column":48}},"3":{"start":{"line":6,"column":0},"end":{"line":6,"column":37}},"4":{"start":{"line":7,"column":0},"end":{"line":7,"column":40}},"5":{"start":{"line":8,"column":0},"end":{"line":8,"column":40}},"6":{"start":{"line":9,"column":0},"end":{"line":9,"column":26}},"7":{"start":{"line":10,"column":0},"end":{"line":10,"column":44}},"8":{"start":{"line":12,"column":21},"end":{"line":18,"column":2}},"9":{"start":{"line":21,"column":10},"end":{"line":21,"column":null}},"10":{"start":{"line":24,"column":4},"end":{"line":24,"column":null}},"11":{"start":{"line":28,"column":4},"end":{"line":28,"column":null}},"12":{"start":{"line":32,"column":4},"end":{"line":56,"column":null}},"13":{"start":{"line":34,"column":19},"end":{"line":34,"column":28}},"14":{"start":{"line":35,"column":28},"end":{"line":46,"column":null}},"15":{"start":{"line":47,"column":8},"end":{"line":47,"column":null}},"16":{"start":{"line":50,"column":8},"end":{"line":54,"column":null}},"17":{"start":{"line":60,"column":4},"end":{"line":80,"column":null}},"18":{"start":{"line":62,"column":20},"end":{"line":64,"column":24}},"19":{"start":{"line":65,"column":8},"end":{"line":67,"column":9}},"20":{"start":{"line":66,"column":10},"end":{"line":66,"column":null}},"21":{"start":{"line":68,"column":30},"end":{"line":68,"column":49}},"22":{"start":{"line":69,"column":8},"end":{"line":71,"column":9}},"23":{"start":{"line":70,"column":10},"end":{"line":70,"column":null}},"24":{"start":{"line":72,"column":8},"end":{"line":72,"column":null}},"25":{"start":{"line":75,"column":8},"end":{"line":78,"column":null}},"26":{"start":{"line":83,"column":4},"end":{"line":113,"column":null}},"27":{"start":{"line":85,"column":20},"end":{"line":85,"column":30}},"28":{"start":{"line":86,"column":19},"end":{"line":86,"column":28}},"29":{"start":{"line":87,"column":23},"end":{"line":89,"column":46}},"30":{"start":{"line":90,"column":32},"end":{"line":92,"column":38}},"31":{"start":{"line":93,"column":8},"end":{"line":95,"column":9}},"32":{"start":{"line":94,"column":10},"end":{"line":94,"column":null}},"33":{"start":{"line":96,"column":8},"end":{"line":105,"column":null}},"34":{"start":{"line":101,"column":14},"end":{"line":101,"column":null}},"35":{"start":{"line":103,"column":17},"end":{"line":103,"column":18}},"36":{"start":{"line":108,"column":8},"end":{"line":111,"column":null}},"37":{"start":{"line":116,"column":4},"end":{"line":143,"column":null}},"38":{"start":{"line":118,"column":19},"end":{"line":118,"column":28}},"39":{"start":{"line":119,"column":24},"end":{"line":121,"column":24}},"40":{"start":{"line":122,"column":8},"end":{"line":124,"column":9}},"41":{"start":{"line":123,"column":10},"end":{"line":123,"column":null}},"42":{"start":{"line":125,"column":8},"end":{"line":125,"column":null}},"43":{"start":{"line":126,"column":8},"end":{"line":135,"column":null}},"44":{"start":{"line":131,"column":14},"end":{"line":131,"column":null}},"45":{"start":{"line":133,"column":17},"end":{"line":133,"column":18}},"46":{"start":{"line":138,"column":8},"end":{"line":141,"column":null}},"47":{"start":{"line":146,"column":4},"end":{"line":182,"column":null}},"48":{"start":{"line":148,"column":8},"end":{"line":150,"column":9}},"49":{"start":{"line":149,"column":10},"end":{"line":149,"column":null}},"50":{"start":{"line":151,"column":19},"end":{"line":151,"column":28}},"51":{"start":{"line":152,"column":20},"end":{"line":152,"column":30}},"52":{"start":{"line":153,"column":23},"end":{"line":155,"column":71}},"53":{"start":{"line":156,"column":8},"end":{"line":158,"column":9}},"54":{"start":{"line":157,"column":10},"end":{"line":157,"column":null}},"55":{"start":{"line":159,"column":31},"end":{"line":161,"column":39}},"56":{"start":{"line":162,"column":8},"end":{"line":164,"column":9}},"57":{"start":{"line":163,"column":10},"end":{"line":163,"column":null}},"58":{"start":{"line":165,"column":8},"end":{"line":174,"column":null}},"59":{"start":{"line":170,"column":14},"end":{"line":170,"column":null}},"60":{"start":{"line":172,"column":17},"end":{"line":172,"column":18}},"61":{"start":{"line":177,"column":8},"end":{"line":180,"column":null}},"62":{"start":{"line":186,"column":4},"end":{"line":188,"column":5}},"63":{"start":{"line":187,"column":6},"end":{"line":187,"column":null}},"64":{"start":{"line":189,"column":4},"end":{"line":195,"column":null}},"65":{"start":{"line":1,"column":9},"end":{"line":1,"column":30}}},"fnMap":{"0":{"name":"(anonymous_7)","decl":{"start":{"line":20,"column":0},"end":{"line":20,"column":6}},"loc":{"start":{"line":20,"column":0},"end":{"line":197,"column":1}}},"1":{"name":"(anonymous_8)","decl":{"start":{"line":23,"column":9},"end":{"line":23,"column":18}},"loc":{"start":{"line":23,"column":31},"end":{"line":25,"column":3}}},"2":{"name":"(anonymous_9)","decl":{"start":{"line":27,"column":10},"end":{"line":27,"column":12}},"loc":{"start":{"line":27,"column":12},"end":{"line":29,"column":3}}},"3":{"name":"(anonymous_10)","decl":{"start":{"line":31,"column":2},"end":{"line":31,"column":6}},"loc":{"start":{"line":31,"column":6},"end":{"line":57,"column":3}}},"4":{"name":"(anonymous_11)","decl":{"start":{"line":33,"column":6},"end":{"line":33,"column":11}},"loc":{"start":{"line":33,"column":17},"end":{"line":48,"column":7}}},"5":{"name":"(anonymous_12)","decl":{"start":{"line":49,"column":6},"end":{"line":49,"column":7}},"loc":{"start":{"line":50,"column":8},"end":{"line":54,"column":null}}},"6":{"name":"(anonymous_13)","decl":{"start":{"line":59,"column":2},"end":{"line":59,"column":10}},"loc":{"start":{"line":59,"column":17},"end":{"line":81,"column":3}}},"7":{"name":"(anonymous_14)","decl":{"start":{"line":61,"column":6},"end":{"line":61,"column":11}},"loc":{"start":{"line":61,"column":17},"end":{"line":73,"column":7}}},"8":{"name":"(anonymous_15)","decl":{"start":{"line":74,"column":6},"end":{"line":74,"column":7}},"loc":{"start":{"line":75,"column":8},"end":{"line":78,"column":null}}},"9":{"name":"(anonymous_16)","decl":{"start":{"line":82,"column":2},"end":{"line":82,"column":6}},"loc":{"start":{"line":82,"column":23},"end":{"line":114,"column":3}}},"10":{"name":"(anonymous_17)","decl":{"start":{"line":84,"column":6},"end":{"line":84,"column":11}},"loc":{"start":{"line":84,"column":17},"end":{"line":106,"column":7}}},"11":{"name":"(anonymous_18)","decl":{"start":{"line":100,"column":12},"end":{"line":100,"column":13}},"loc":{"start":{"line":100,"column":16},"end":{"line":102,"column":13}}},"12":{"name":"(anonymous_19)","decl":{"start":{"line":103,"column":12},"end":{"line":103,"column":13}},"loc":{"start":{"line":103,"column":17},"end":{"line":103,"column":18}}},"13":{"name":"(anonymous_20)","decl":{"start":{"line":107,"column":6},"end":{"line":107,"column":7}},"loc":{"start":{"line":108,"column":8},"end":{"line":111,"column":null}}},"14":{"name":"(anonymous_21)","decl":{"start":{"line":115,"column":2},"end":{"line":115,"column":8}},"loc":{"start":{"line":115,"column":15},"end":{"line":144,"column":3}}},"15":{"name":"(anonymous_22)","decl":{"start":{"line":117,"column":6},"end":{"line":117,"column":11}},"loc":{"start":{"line":117,"column":17},"end":{"line":136,"column":7}}},"16":{"name":"(anonymous_23)","decl":{"start":{"line":130,"column":12},"end":{"line":130,"column":13}},"loc":{"start":{"line":130,"column":16},"end":{"line":132,"column":13}}},"17":{"name":"(anonymous_24)","decl":{"start":{"line":133,"column":12},"end":{"line":133,"column":13}},"loc":{"start":{"line":133,"column":17},"end":{"line":133,"column":18}}},"18":{"name":"(anonymous_25)","decl":{"start":{"line":137,"column":6},"end":{"line":137,"column":7}},"loc":{"start":{"line":138,"column":8},"end":{"line":141,"column":null}}},"19":{"name":"(anonymous_26)","decl":{"start":{"line":145,"column":2},"end":{"line":145,"column":8}},"loc":{"start":{"line":145,"column":25},"end":{"line":183,"column":3}}},"20":{"name":"(anonymous_27)","decl":{"start":{"line":147,"column":6},"end":{"line":147,"column":11}},"loc":{"start":{"line":147,"column":17},"end":{"line":175,"column":7}}},"21":{"name":"(anonymous_28)","decl":{"start":{"line":169,"column":12},"end":{"line":169,"column":13}},"loc":{"start":{"line":169,"column":16},"end":{"line":171,"column":13}}},"22":{"name":"(anonymous_29)","decl":{"start":{"line":172,"column":12},"end":{"line":172,"column":13}},"loc":{"start":{"line":172,"column":17},"end":{"line":172,"column":18}}},"23":{"name":"(anonymous_30)","decl":{"start":{"line":176,"column":6},"end":{"line":176,"column":7}},"loc":{"start":{"line":177,"column":8},"end":{"line":180,"column":null}}},"24":{"name":"(anonymous_31)","decl":{"start":{"line":185,"column":10},"end":{"line":185,"column":19}},"loc":{"start":{"line":185,"column":32},"end":{"line":196,"column":3}}}},"branchMap":{"0":{"loc":{"start":{"line":50,"column":8},"end":{"line":54,"column":null}},"type":"cond-expr","locations":[{"start":{"line":51,"column":12},"end":{"line":51,"column":13}},{"start":{"line":52,"column":12},"end":{"line":54,"column":null}}]},"1":{"loc":{"start":{"line":65,"column":8},"end":{"line":67,"column":9}},"type":"if","locations":[{"start":{"line":65,"column":8},"end":{"line":67,"column":9}}]},"2":{"loc":{"start":{"line":69,"column":8},"end":{"line":71,"column":9}},"type":"if","locations":[{"start":{"line":69,"column":8},"end":{"line":71,"column":9}}]},"3":{"loc":{"start":{"line":75,"column":8},"end":{"line":78,"column":null}},"type":"cond-expr","locations":[{"start":{"line":76,"column":12},"end":{"line":76,"column":13}},{"start":{"line":77,"column":12},"end":{"line":78,"column":null}}]},"4":{"loc":{"start":{"line":93,"column":8},"end":{"line":95,"column":9}},"type":"if","locations":[{"start":{"line":93,"column":8},"end":{"line":95,"column":9}}]},"5":{"loc":{"start":{"line":108,"column":8},"end":{"line":111,"column":null}},"type":"cond-expr","locations":[{"start":{"line":109,"column":12},"end":{"line":109,"column":13}},{"start":{"line":110,"column":12},"end":{"line":111,"column":null}}]},"6":{"loc":{"start":{"line":122,"column":8},"end":{"line":124,"column":9}},"type":"if","locations":[{"start":{"line":122,"column":8},"end":{"line":124,"column":9}}]},"7":{"loc":{"start":{"line":138,"column":8},"end":{"line":141,"column":null}},"type":"cond-expr","locations":[{"start":{"line":139,"column":12},"end":{"line":139,"column":13}},{"start":{"line":140,"column":12},"end":{"line":141,"column":null}}]},"8":{"loc":{"start":{"line":148,"column":8},"end":{"line":150,"column":9}},"type":"if","locations":[{"start":{"line":148,"column":8},"end":{"line":150,"column":9}}]},"9":{"loc":{"start":{"line":156,"column":8},"end":{"line":158,"column":9}},"type":"if","locations":[{"start":{"line":156,"column":8},"end":{"line":158,"column":9}}]},"10":{"loc":{"start":{"line":162,"column":8},"end":{"line":164,"column":9}},"type":"if","locations":[{"start":{"line":162,"column":8},"end":{"line":164,"column":9}}]},"11":{"loc":{"start":{"line":177,"column":8},"end":{"line":180,"column":null}},"type":"cond-expr","locations":[{"start":{"line":178,"column":12},"end":{"line":178,"column":13}},{"start":{"line":179,"column":12},"end":{"line":180,"column":null}}]},"12":{"loc":{"start":{"line":186,"column":4},"end":{"line":188,"column":5}},"type":"if","locations":[{"start":{"line":186,"column":4},"end":{"line":188,"column":5}}]}},"s":{"0":1,"1":1,"2":1,"3":1,"4":1,"5":1,"6":1,"7":1,"8":1,"9":5,"10":5,"11":17,"12":5,"13":5,"14":5,"15":5,"16":0,"17":4,"18":4,"19":4,"20":1,"21":3,"22":3,"23":0,"24":3,"25":1,"26":6,"27":6,"28":6,"29":6,"30":6,"31":6,"32":0,"33":6,"34":0,"35":6,"36":0,"37":1,"38":1,"39":1,"40":1,"41":0,"42":1,"43":1,"44":0,"45":1,"46":0,"47":1,"48":1,"49":0,"50":1,"51":1,"52":1,"53":1,"54":0,"55":1,"56":1,"57":0,"58":1,"59":0,"60":1,"61":0,"62":11,"63":0,"64":11,"65":1},"f":{"0":5,"1":5,"2":17,"3":5,"4":5,"5":0,"6":4,"7":4,"8":1,"9":6,"10":6,"11":0,"12":6,"13":0,"14":1,"15":1,"16":0,"17":1,"18":0,"19":1,"20":1,"21":0,"22":1,"23":0,"24":11},"b":{"0":[0,0],"1":[1],"2":[0],"3":[1,0],"4":[0],"5":[0,0],"6":[0],"7":[0,0],"8":[0],"9":[0],"10":[0],"11":[0,0],"12":[0]}}
,"C:\\Users\\blood\\programming\\JavaScript\\ReactPractice\\react_practice_app\\src\\renderer\\components\\Greeting.tsx": {"path":"C:\\Users\\blood\\programming\\JavaScript\\ReactPractice\\react_practice_app\\src\\renderer\\components\\Greeting.tsx","statementMap":{"0":{"start":{"line":2,"column":0},"end":{"line":2,"column":26}},"1":{"start":{"line":8,"column":42},"end":{"line":10,"column":1}},"2":{"start":{"line":8,"column":49},"end":{"line":8,"column":51}},"3":{"start":{"line":9,"column":2},"end":{"line":9,"column":33}},"4":{"start":{"line":12,"column":0},"end":{"line":12,"column":24}}},"fnMap":{"0":{"name":"(anonymous_1)","decl":{"start":{"line":8,"column":42},"end":{"line":8,"column":43}},"loc":{"start":{"line":8,"column":51},"end":{"line":10,"column":1}}}},"branchMap":{},"s":{"0":1,"1":1,"2":1,"3":1,"4":1},"f":{"0":1},"b":{}}
}
