{"C:\\Users\\blood\\programming\\JavaScript\\React_TS_Electron\\src\\components\\Greeting.tsx": {"path":"C:\\Users\\blood\\programming\\JavaScript\\React_TS_Electron\\src\\components\\Greeting.tsx","statementMap":{"0":{"start":{"line":2,"column":0},"end":{"line":2,"column":26}},"1":{"start":{"line":8,"column":42},"end":{"line":10,"column":1}},"2":{"start":{"line":8,"column":49},"end":{"line":8,"column":51}},"3":{"start":{"line":9,"column":2},"end":{"line":9,"column":33}},"4":{"start":{"line":12,"column":0},"end":{"line":12,"column":24}}},"fnMap":{"0":{"name":"(anonymous_1)","decl":{"start":{"line":8,"column":42},"end":{"line":8,"column":43}},"loc":{"start":{"line":8,"column":51},"end":{"line":10,"column":1}}}},"branchMap":{},"s":{"0":1,"1":1,"2":1,"3":1,"4":1},"f":{"0":1},"b":{}}
}
