TN:
SF:src\main\feature\diaryApp\domain\entity\validate\articleValidate.ts
FN:10,(anonymous_7)
FN:13,(anonymous_8)
FN:18,(anonymous_9)
FN:22,(anonymous_10)
FNF:4
FNH:4
FNDA:1,(anonymous_7)
FNDA:2,(anonymous_8)
FNDA:1,(anonymous_9)
FNDA:2,(anonymous_10)
DA:1,1
DA:4,1
DA:5,1
DA:6,1
DA:7,1
DA:10,1
DA:11,1
DA:14,2
DA:15,2
DA:18,1
DA:23,2
LF:11
LH:11
BRDA:23,0,0,1
BRDA:23,0,1,1
BRF:2
BRH:2
end_of_record
TN:
SF:src\renderer\components\Greeting.tsx
FN:8,(anonymous_1)
FNF:1
FNH:1
FNDA:1,(anonymous_1)
DA:2,1
DA:8,1
DA:9,1
DA:12,1
LF:4
LH:4
BRF:0
BRH:0
end_of_record
