TN:
SF:src\main\diContainer.ts
FN:1,(anonymous_0)
FNF:1
FNH:1
FNDA:44,(anonymous_0)
DA:1,46
DA:2,2
DA:3,2
DA:4,2
DA:5,2
DA:7,2
DA:10,2
LF:7
LH:7
BRF:0
BRH:0
end_of_record
TN:
SF:src\main\common\idValidate.ts
FN:9,(anonymous_7)
FN:12,(anonymous_8)
FN:17,(anonymous_9)
FN:21,(anonymous_10)
FN:27,(anonymous_11)
FNF:5
FNH:1
FNDA:21,(anonymous_7)
FNDA:0,(anonymous_8)
FNDA:0,(anonymous_9)
FNDA:0,(anonymous_10)
FNDA:0,(anonymous_11)
DA:1,2
DA:3,2
DA:4,2
DA:5,2
DA:6,2
DA:9,2
DA:10,21
DA:13,0
DA:14,0
DA:17,0
DA:22,0
DA:28,0
LF:12
LH:7
BRDA:22,0,0,0
BRDA:22,0,1,0
BRDA:28,1,0,0
BRDA:28,1,1,0
BRF:4
BRH:0
end_of_record
TN:
SF:src\main\common\typeUtil.ts
FN:34,(anonymous_0)
FN:38,(anonymous_1)
FN:41,(anonymous_2)
FNF:3
FNH:2
FNDA:21,(anonymous_0)
FNDA:2,(anonymous_1)
FNDA:0,(anonymous_2)
DA:1,2
DA:2,2
DA:6,2
DA:30,21
DA:35,21
DA:36,21
DA:39,2
DA:42,0
LF:8
LH:7
BRF:0
BRH:0
end_of_record
TN:
SF:src\main\feature\diaryApp\domain\entity\article.ts
FN:18,(anonymous_6)
FN:33,(anonymous_7)
FN:57,(anonymous_8)
FN:61,(anonymous_9)
FN:62,(anonymous_10)
FNF:5
FNH:5
FNDA:22,(anonymous_6)
FNDA:22,(anonymous_7)
FNDA:2,(anonymous_8)
FNDA:2,(anonymous_9)
FNDA:2,(anonymous_10)
DA:1,2
DA:3,2
DA:4,2
DA:5,2
DA:7,2
DA:11,22
DA:25,22
DA:26,22
DA:27,22
DA:28,22
DA:29,22
DA:30,22
DA:40,22
DA:41,22
DA:42,22
DA:43,0
DA:45,22
DA:58,2
DA:61,2
DA:62,2
DA:63,2
LF:21
LH:20
BRDA:42,0,0,0
BRDA:42,0,1,22
BRDA:63,1,0,2
BRDA:63,1,1,0
BRF:4
BRH:2
end_of_record
TN:
SF:src\main\feature\diaryApp\domain\entity\validate\articleValidate.ts
FN:10,(anonymous_7)
FN:13,(anonymous_8)
FN:18,(anonymous_9)
FN:22,(anonymous_10)
FNF:4
FNH:4
FNDA:45,(anonymous_7)
FNDA:24,(anonymous_8)
FNDA:23,(anonymous_9)
FNDA:24,(anonymous_10)
DA:1,3
DA:4,3
DA:5,3
DA:6,3
DA:7,3
DA:10,3
DA:11,45
DA:14,24
DA:15,24
DA:18,23
DA:23,24
LF:11
LH:11
BRDA:23,0,0,23
BRDA:23,0,1,1
BRF:2
BRH:2
end_of_record
TN:
SF:src\main\feature\diaryApp\repository\sqlite3\diaryRepositorySqlite.ts
FN:20,(anonymous_7)
FN:23,(anonymous_8)
FN:27,(anonymous_9)
FN:31,(anonymous_10)
FN:33,(anonymous_11)
FN:49,(anonymous_12)
FN:59,(anonymous_13)
FN:61,(anonymous_14)
FN:74,(anonymous_15)
FN:82,(anonymous_16)
FN:84,(anonymous_17)
FN:100,(anonymous_18)
FN:103,(anonymous_19)
FN:107,(anonymous_20)
FN:115,(anonymous_21)
FN:117,(anonymous_22)
FN:130,(anonymous_23)
FN:133,(anonymous_24)
FN:137,(anonymous_25)
FN:145,(anonymous_26)
FN:147,(anonymous_27)
FN:169,(anonymous_28)
FN:172,(anonymous_29)
FN:176,(anonymous_30)
FN:185,(anonymous_31)
FNF:25
FNH:18
FNDA:5,(anonymous_7)
FNDA:5,(anonymous_8)
FNDA:17,(anonymous_9)
FNDA:5,(anonymous_10)
FNDA:5,(anonymous_11)
FNDA:0,(anonymous_12)
FNDA:4,(anonymous_13)
FNDA:4,(anonymous_14)
FNDA:1,(anonymous_15)
FNDA:6,(anonymous_16)
FNDA:6,(anonymous_17)
FNDA:0,(anonymous_18)
FNDA:6,(anonymous_19)
FNDA:0,(anonymous_20)
FNDA:1,(anonymous_21)
FNDA:1,(anonymous_22)
FNDA:0,(anonymous_23)
FNDA:1,(anonymous_24)
FNDA:0,(anonymous_25)
FNDA:1,(anonymous_26)
FNDA:1,(anonymous_27)
FNDA:0,(anonymous_28)
FNDA:1,(anonymous_29)
FNDA:0,(anonymous_30)
FNDA:11,(anonymous_31)
DA:1,1
DA:3,1
DA:4,1
DA:5,1
DA:6,1
DA:7,1
DA:8,1
DA:9,1
DA:10,1
DA:12,1
DA:21,5
DA:24,5
DA:28,17
DA:32,5
DA:34,5
DA:35,5
DA:47,5
DA:50,0
DA:60,4
DA:62,4
DA:65,4
DA:66,1
DA:68,3
DA:69,3
DA:70,0
DA:72,3
DA:75,1
DA:83,6
DA:85,6
DA:86,6
DA:87,6
DA:90,6
DA:93,6
DA:94,0
DA:96,6
DA:101,0
DA:103,6
DA:108,0
DA:116,1
DA:118,1
DA:119,1
DA:122,1
DA:123,0
DA:125,1
DA:126,1
DA:131,0
DA:133,1
DA:138,0
DA:146,1
DA:148,1
DA:149,0
DA:151,1
DA:152,1
DA:153,1
DA:156,1
DA:157,0
DA:159,1
DA:162,1
DA:163,0
DA:165,1
DA:170,0
DA:172,1
DA:177,0
DA:186,11
DA:187,0
DA:189,11
LF:66
LH:52
BRDA:50,0,0,0
BRDA:50,0,1,0
BRDA:65,1,0,1
BRDA:69,2,0,0
BRDA:75,3,0,1
BRDA:75,3,1,0
BRDA:93,4,0,0
BRDA:108,5,0,0
BRDA:108,5,1,0
BRDA:122,6,0,0
BRDA:138,7,0,0
BRDA:138,7,1,0
BRDA:148,8,0,0
BRDA:156,9,0,0
BRDA:162,10,0,0
BRDA:177,11,0,0
BRDA:177,11,1,0
BRDA:186,12,0,0
BRF:18
BRH:2
end_of_record
TN:
SF:src\renderer\components\Greeting.tsx
FN:8,(anonymous_1)
FNF:1
FNH:1
FNDA:1,(anonymous_1)
DA:2,1
DA:8,1
DA:9,1
DA:12,1
LF:4
LH:4
BRF:0
BRH:0
end_of_record
